<?xml version="1.0" encoding="utf-8"?><testsuites name="pytest tests"><testsuite name="pytest" errors="0" failures="4" skipped="0" tests="21" time="9.668" timestamp="2026-02-01T00:16:31.455145+00:00" hostname="agent-env-4c6bf7e8-a670-4ecd-8dfc-16939cd3c53e"><testcase classname="tests.test_api.TestAuth" name="test_health_check" time="0.083" /><testcase classname="tests.test_api.TestAuth" name="test_login_success" time="0.781" /><testcase classname="tests.test_api.TestAuth" name="test_login_invalid_credentials" time="0.070" /><testcase classname="tests.test_api.TestAuth" name="test_get_me_authenticated" time="0.398" /><testcase classname="tests.test_api.TestAuth" name="test_get_me_unauthenticated" time="0.041" /><testcase classname="tests.test_api.TestProfile" name="test_update_profile_name" time="0.552" /><testcase classname="tests.test_api.TestProfile" name="test_update_profile_phone" time="0.461" /><testcase classname="tests.test_api.TestProfile" name="test_update_profile_both_fields" time="0.474" /><testcase classname="tests.test_api.TestProfile" name="test_update_profile_empty_fails" time="0.441" /><testcase classname="tests.test_api.TestStudents" name="test_get_students" time="0.441" /><testcase classname="tests.test_api.TestStudents" name="test_create_student" time="0.436" /><testcase classname="tests.test_api.TestStudents" name="test_create_student_minimal" time="0.475" /><testcase classname="tests.test_api.TestStudents" name="test_create_student_with_notifications" time="0.434" /><testcase classname="tests.test_api.TestStudents" name="test_update_student" time="0.741" /><testcase classname="tests.test_api.TestStudents" name="test_delete_student" time="0.657" /><testcase classname="tests.test_api.TestTutors" name="test_get_tutors" time="0.369"><failure message="assert 404 == 200&#10; +  where 404 = &lt;Response [404]&gt;.status_code">tests/test_api.py:319: in test_get_tutors
    assert response.status_code == 200
E   assert 404 == 200
E    +  where 404 = &lt;Response [404]&gt;.status_code</failure></testcase><testcase classname="tests.test_api.TestTutors" name="test_get_tutor_detail" time="0.360"><failure message="assert 404 == 200&#10; +  where 404 = &lt;Response [404]&gt;.status_code">tests/test_api.py:334: in test_get_tutor_detail
    assert list_response.status_code == 200
E   assert 404 == 200
E    +  where 404 = &lt;Response [404]&gt;.status_code</failure></testcase><testcase classname="tests.test_api.TestTutors" name="test_get_tutor_availability" time="0.359"><failure message="assert 404 == 200&#10; +  where 404 = &lt;Response [404]&gt;.status_code">tests/test_api.py:360: in test_get_tutor_availability
    assert list_response.status_code == 200
E   assert 404 == 200
E    +  where 404 = &lt;Response [404]&gt;.status_code</failure></testcase><testcase classname="tests.test_api.TestBookingFlow" name="test_create_booking_hold" time="0.360"><failure message="assert 404 == 200&#10; +  where 404 = &lt;Response [404]&gt;.status_code">tests/test_api.py:405: in test_create_booking_hold
    assert tutors_response.status_code == 200
E   assert 404 == 200
E    +  where 404 = &lt;Response [404]&gt;.status_code</failure></testcase><testcase classname="tests.test_api.TestBookingFlow" name="test_get_bookings" time="0.817" /><testcase classname="tests.test_api.TestCleanup" name="test_cleanup_test_students" time="0.748" /></testsuite></testsuites>