<?xml version="1.0" encoding="utf-8"?><testsuites name="pytest tests"><testsuite name="pytest" errors="0" failures="0" skipped="0" tests="21" time="4.265" timestamp="2026-02-01T00:56:43.705302+00:00" hostname="agent-env-4c6bf7e8-a670-4ecd-8dfc-16939cd3c53e"><testcase classname="backend.tests.test_p1_p2_features.TestAuthentication" name="test_login_success" time="0.386" /><testcase classname="backend.tests.test_p1_p2_features.TestRemindersConfig" name="test_get_reminders_config" time="0.430" /><testcase classname="backend.tests.test_p1_p2_features.TestRemindersConfig" name="test_update_session_reminder_hours_1h" time="0.099" /><testcase classname="backend.tests.test_p1_p2_features.TestRemindersConfig" name="test_update_session_reminder_hours_2h" time="0.134" /><testcase classname="backend.tests.test_p1_p2_features.TestRemindersConfig" name="test_update_session_reminder_hours_4h" time="0.095" /><testcase classname="backend.tests.test_p1_p2_features.TestRemindersConfig" name="test_update_session_reminder_hours_12h" time="0.097" /><testcase classname="backend.tests.test_p1_p2_features.TestRemindersConfig" name="test_update_session_reminder_hours_24h" time="0.096" /><testcase classname="backend.tests.test_p1_p2_features.TestRemindersConfig" name="test_update_payment_reminder_days_1" time="0.093" /><testcase classname="backend.tests.test_p1_p2_features.TestRemindersConfig" name="test_update_payment_reminder_days_3" time="0.097" /><testcase classname="backend.tests.test_p1_p2_features.TestRemindersConfig" name="test_update_payment_reminder_days_7" time="0.094" /><testcase classname="backend.tests.test_p1_p2_features.TestRemindersConfig" name="test_update_weekly_summary_toggle" time="0.199" /><testcase classname="backend.tests.test_p1_p2_features.TestRemindersConfig" name="test_verify_config_persistence" time="0.188" /><testcase classname="backend.tests.test_p1_p2_features.TestNotificationSettings" name="test_get_notification_settings" time="0.410" /><testcase classname="backend.tests.test_p1_p2_features.TestNotificationSettings" name="test_update_notification_settings" time="0.100" /><testcase classname="backend.tests.test_p1_p2_features.TestNotificationSettings" name="test_notification_settings_persistence" time="0.196" /><testcase classname="backend.tests.test_p1_p2_features.TestNotificationSettings" name="test_reset_notification_settings_to_defaults" time="0.100" /><testcase classname="backend.tests.test_p1_p2_features.TestSubscription" name="test_get_subscription_status" time="0.452" /><testcase classname="backend.tests.test_p1_p2_features.TestSubscription" name="test_get_subscription_plans" time="0.038" /><testcase classname="backend.tests.test_p1_p2_features.TestTaxReports" name="test_get_tax_reports" time="0.451" /><testcase classname="backend.tests.test_p1_p2_features.TestTaxReports" name="test_get_available_years" time="0.068" /><testcase classname="backend.tests.test_p1_p2_features.TestReminders" name="test_get_reminders_list" time="0.383" /></testsuite></testsuites>